{"/data/data/com.termux/files/home/altschool-nodejs-project-two/index.js": {"path":"/data/data/com.termux/files/home/altschool-nodejs-project-two/index.js","statementMap":{"0":{"start":{"line":8,"column":13},"end":{"line":8,"column":28}},"1":{"start":{"line":14,"column":4},"end":{"line":14,"column":36}},"2":{"start":{"line":16,"column":18},"end":{"line":16,"column":29}},"3":{"start":{"line":17,"column":13},"end":{"line":17,"column":17}},"4":{"start":{"line":23,"column":23},"end":{"line":38,"column":1}},"5":{"start":{"line":25,"column":2},"end":{"line":25,"column":52}},"6":{"start":{"line":26,"column":2},"end":{"line":26,"column":52}},"7":{"start":{"line":28,"column":2},"end":{"line":37,"column":3}},"8":{"start":{"line":29,"column":4},"end":{"line":29,"column":31}},"9":{"start":{"line":30,"column":9},"end":{"line":37,"column":3}},"10":{"start":{"line":31,"column":4},"end":{"line":31,"column":31}},"11":{"start":{"line":33,"column":4},"end":{"line":33,"column":23}},"12":{"start":{"line":34,"column":4},"end":{"line":36,"column":8}},"13":{"start":{"line":43,"column":15},"end":{"line":43,"column":48}},"14":{"start":{"line":45,"column":0},"end":{"line":47,"column":2}},"15":{"start":{"line":46,"column":2},"end":{"line":46,"column":60}},"16":{"start":{"line":49,"column":0},"end":{"line":49,"column":24}}},"fnMap":{"0":{"name":"(anonymous_0)","decl":{"start":{"line":23,"column":23},"end":{"line":23,"column":24}},"loc":{"start":{"line":23,"column":49},"end":{"line":38,"column":1}},"line":23},"1":{"name":"(anonymous_1)","decl":{"start":{"line":45,"column":31},"end":{"line":45,"column":32}},"loc":{"start":{"line":45,"column":37},"end":{"line":47,"column":1}},"line":45}},"branchMap":{"0":{"loc":{"start":{"line":28,"column":2},"end":{"line":37,"column":3}},"type":"if","locations":[{"start":{"line":28,"column":2},"end":{"line":37,"column":3}},{"start":{"line":30,"column":9},"end":{"line":37,"column":3}}],"line":28},"1":{"loc":{"start":{"line":30,"column":9},"end":{"line":37,"column":3}},"type":"if","locations":[{"start":{"line":30,"column":9},"end":{"line":37,"column":3}},{"start":{"line":32,"column":9},"end":{"line":37,"column":3}}],"line":30}},"s":{"0":1,"1":1,"2":1,"3":1,"4":1,"5":1,"6":1,"7":1,"8":0,"9":1,"10":1,"11":0,"12":0,"13":1,"14":1,"15":1,"16":1},"f":{"0":1,"1":1},"b":{"0":[0,1],"1":[1,0]},"_coverageSchema":"1a1c01bbd47fc00a2c39e90264f33305004495a9","hash":"714de18ad3eab06a90fd6d231724833099a37b3c"}
,"/data/data/com.termux/files/home/altschool-nodejs-project-two/db/index.js": {"path":"/data/data/com.termux/files/home/altschool-nodejs-project-two/db/index.js","statementMap":{"0":{"start":{"line":5,"column":13},"end":{"line":5,"column":28}},"1":{"start":{"line":8,"column":20},"end":{"line":8,"column":54}},"2":{"start":{"line":11,"column":20},"end":{"line":11,"column":54}},"3":{"start":{"line":13,"column":0},"end":{"line":16,"column":1}}},"fnMap":{},"branchMap":{},"s":{"0":1,"1":1,"2":1,"3":1},"f":{},"b":{},"_coverageSchema":"1a1c01bbd47fc00a2c39e90264f33305004495a9","hash":"dc5869de949558e6740ab6efd5403cb26b1d796e"}
,"/data/data/com.termux/files/home/altschool-nodejs-project-two/src/routes/books.js": {"path":"/data/data/com.termux/files/home/altschool-nodejs-project-two/src/routes/books.js","statementMap":{"0":{"start":{"line":8,"column":11},"end":{"line":8,"column":24}},"1":{"start":{"line":13,"column":4},"end":{"line":13,"column":32}},"2":{"start":{"line":16,"column":14},"end":{"line":16,"column":16}},"3":{"start":{"line":20,"column":0},"end":{"line":20,"column":59}},"4":{"start":{"line":26,"column":20},"end":{"line":36,"column":1}},"5":{"start":{"line":27,"column":2},"end":{"line":35,"column":4}},"6":{"start":{"line":28,"column":4},"end":{"line":32,"column":5}},"7":{"start":{"line":29,"column":6},"end":{"line":29,"column":22}},"8":{"start":{"line":30,"column":6},"end":{"line":30,"column":24}},"9":{"start":{"line":31,"column":6},"end":{"line":31,"column":33}},"10":{"start":{"line":34,"column":4},"end":{"line":34,"column":19}},"11":{"start":{"line":41,"column":16},"end":{"line":76,"column":1}},"12":{"start":{"line":43,"column":2},"end":{"line":75,"column":6}},"13":{"start":{"line":46,"column":6},"end":{"line":50,"column":7}},"14":{"start":{"line":47,"column":8},"end":{"line":47,"column":24}},"15":{"start":{"line":48,"column":8},"end":{"line":48,"column":26}},"16":{"start":{"line":49,"column":8},"end":{"line":49,"column":35}},"17":{"start":{"line":53,"column":6},"end":{"line":53,"column":35}},"18":{"start":{"line":56,"column":23},"end":{"line":56,"column":50}},"19":{"start":{"line":57,"column":25},"end":{"line":57,"column":36}},"20":{"start":{"line":58,"column":6},"end":{"line":58,"column":34}},"21":{"start":{"line":60,"column":23},"end":{"line":60,"column":40}},"22":{"start":{"line":61,"column":23},"end":{"line":62,"column":16}},"23":{"start":{"line":64,"column":6},"end":{"line":74,"column":9}},"24":{"start":{"line":65,"column":8},"end":{"line":71,"column":9}},"25":{"start":{"line":66,"column":10},"end":{"line":66,"column":27}},"26":{"start":{"line":67,"column":10},"end":{"line":67,"column":29}},"27":{"start":{"line":68,"column":10},"end":{"line":70,"column":14}},"28":{"start":{"line":73,"column":8},"end":{"line":73,"column":41}},"29":{"start":{"line":81,"column":19},"end":{"line":130,"column":1}},"30":{"start":{"line":83,"column":26},"end":{"line":83,"column":36}},"31":{"start":{"line":84,"column":17},"end":{"line":84,"column":35}},"32":{"start":{"line":87,"column":2},"end":{"line":129,"column":4}},"33":{"start":{"line":89,"column":4},"end":{"line":93,"column":5}},"34":{"start":{"line":90,"column":6},"end":{"line":90,"column":23}},"35":{"start":{"line":91,"column":6},"end":{"line":91,"column":25}},"36":{"start":{"line":92,"column":6},"end":{"line":92,"column":34}},"37":{"start":{"line":95,"column":21},"end":{"line":95,"column":38}},"38":{"start":{"line":98,"column":22},"end":{"line":98,"column":68}},"39":{"start":{"line":98,"column":49},"end":{"line":98,"column":67}},"40":{"start":{"line":101,"column":4},"end":{"line":107,"column":5}},"41":{"start":{"line":102,"column":6},"end":{"line":102,"column":24}},"42":{"start":{"line":103,"column":6},"end":{"line":105,"column":9}},"43":{"start":{"line":106,"column":6},"end":{"line":106,"column":12}},"44":{"start":{"line":110,"column":24},"end":{"line":113,"column":5}},"45":{"start":{"line":114,"column":4},"end":{"line":114,"column":38}},"46":{"start":{"line":116,"column":4},"end":{"line":116,"column":28}},"47":{"start":{"line":118,"column":4},"end":{"line":128,"column":7}},"48":{"start":{"line":119,"column":6},"end":{"line":125,"column":7}},"49":{"start":{"line":120,"column":8},"end":{"line":120,"column":25}},"50":{"start":{"line":121,"column":8},"end":{"line":121,"column":27}},"51":{"start":{"line":122,"column":8},"end":{"line":124,"column":12}},"52":{"start":{"line":127,"column":6},"end":{"line":127,"column":43}},"53":{"start":{"line":135,"column":19},"end":{"line":172,"column":1}},"54":{"start":{"line":137,"column":17},"end":{"line":137,"column":38}},"55":{"start":{"line":140,"column":20},"end":{"line":142,"column":4}},"56":{"start":{"line":141,"column":4},"end":{"line":141,"column":40}},"57":{"start":{"line":145,"column":2},"end":{"line":152,"column":3}},"58":{"start":{"line":146,"column":4},"end":{"line":146,"column":23}},"59":{"start":{"line":147,"column":4},"end":{"line":149,"column":8}},"60":{"start":{"line":151,"column":4},"end":{"line":151,"column":11}},"61":{"start":{"line":155,"column":2},"end":{"line":155,"column":31}},"62":{"start":{"line":158,"column":2},"end":{"line":170,"column":5}},"63":{"start":{"line":159,"column":4},"end":{"line":165,"column":5}},"64":{"start":{"line":160,"column":6},"end":{"line":160,"column":23}},"65":{"start":{"line":161,"column":6},"end":{"line":161,"column":25}},"66":{"start":{"line":162,"column":6},"end":{"line":164,"column":10}},"67":{"start":{"line":167,"column":4},"end":{"line":169,"column":8}},"68":{"start":{"line":177,"column":20},"end":{"line":228,"column":1}},"69":{"start":{"line":179,"column":17},"end":{"line":179,"column":38}},"70":{"start":{"line":182,"column":20},"end":{"line":184,"column":4}},"71":{"start":{"line":183,"column":4},"end":{"line":183,"column":40}},"72":{"start":{"line":187,"column":2},"end":{"line":194,"column":3}},"73":{"start":{"line":188,"column":4},"end":{"line":188,"column":23}},"74":{"start":{"line":189,"column":4},"end":{"line":191,"column":8}},"75":{"start":{"line":193,"column":4},"end":{"line":193,"column":11}},"76":{"start":{"line":196,"column":19},"end":{"line":196,"column":37}},"77":{"start":{"line":201,"column":6},"end":{"line":201,"column":16}},"78":{"start":{"line":204,"column":2},"end":{"line":211,"column":3}},"79":{"start":{"line":205,"column":4},"end":{"line":205,"column":23}},"80":{"start":{"line":206,"column":4},"end":{"line":208,"column":8}},"81":{"start":{"line":210,"column":4},"end":{"line":210,"column":11}},"82":{"start":{"line":214,"column":2},"end":{"line":214,"column":33}},"83":{"start":{"line":217,"column":2},"end":{"line":227,"column":5}},"84":{"start":{"line":218,"column":4},"end":{"line":224,"column":5}},"85":{"start":{"line":219,"column":6},"end":{"line":219,"column":23}},"86":{"start":{"line":220,"column":6},"end":{"line":220,"column":25}},"87":{"start":{"line":221,"column":6},"end":{"line":223,"column":10}},"88":{"start":{"line":226,"column":4},"end":{"line":226,"column":40}},"89":{"start":{"line":233,"column":19},"end":{"line":284,"column":1}},"90":{"start":{"line":235,"column":17},"end":{"line":235,"column":38}},"91":{"start":{"line":238,"column":20},"end":{"line":240,"column":4}},"92":{"start":{"line":239,"column":4},"end":{"line":239,"column":40}},"93":{"start":{"line":243,"column":2},"end":{"line":250,"column":3}},"94":{"start":{"line":244,"column":4},"end":{"line":244,"column":23}},"95":{"start":{"line":245,"column":4},"end":{"line":247,"column":8}},"96":{"start":{"line":249,"column":4},"end":{"line":249,"column":11}},"97":{"start":{"line":252,"column":21},"end":{"line":252,"column":39}},"98":{"start":{"line":257,"column":6},"end":{"line":257,"column":18}},"99":{"start":{"line":260,"column":2},"end":{"line":267,"column":3}},"100":{"start":{"line":261,"column":4},"end":{"line":261,"column":23}},"101":{"start":{"line":262,"column":4},"end":{"line":264,"column":8}},"102":{"start":{"line":266,"column":4},"end":{"line":266,"column":11}},"103":{"start":{"line":270,"column":2},"end":{"line":270,"column":36}},"104":{"start":{"line":273,"column":2},"end":{"line":283,"column":5}},"105":{"start":{"line":274,"column":4},"end":{"line":280,"column":5}},"106":{"start":{"line":275,"column":6},"end":{"line":275,"column":23}},"107":{"start":{"line":276,"column":6},"end":{"line":276,"column":25}},"108":{"start":{"line":277,"column":6},"end":{"line":279,"column":10}},"109":{"start":{"line":282,"column":4},"end":{"line":282,"column":42}},"110":{"start":{"line":286,"column":0},"end":{"line":293,"column":1}}},"fnMap":{"0":{"name":"(anonymous_0)","decl":{"start":{"line":26,"column":20},"end":{"line":26,"column":21}},"loc":{"start":{"line":26,"column":40},"end":{"line":36,"column":1}},"line":26},"1":{"name":"(anonymous_1)","decl":{"start":{"line":27,"column":35},"end":{"line":27,"column":36}},"loc":{"start":{"line":27,"column":50},"end":{"line":35,"column":3}},"line":27},"2":{"name":"(anonymous_2)","decl":{"start":{"line":41,"column":16},"end":{"line":41,"column":17}},"loc":{"start":{"line":41,"column":45},"end":{"line":76,"column":1}},"line":41},"3":{"name":"(anonymous_3)","decl":{"start":{"line":45,"column":4},"end":{"line":45,"column":5}},"loc":{"start":{"line":45,"column":20},"end":{"line":75,"column":5}},"line":45},"4":{"name":"(anonymous_4)","decl":{"start":{"line":64,"column":58},"end":{"line":64,"column":59}},"loc":{"start":{"line":64,"column":67},"end":{"line":74,"column":7}},"line":64},"5":{"name":"(anonymous_5)","decl":{"start":{"line":81,"column":19},"end":{"line":81,"column":20}},"loc":{"start":{"line":82,"column":2},"end":{"line":130,"column":1}},"line":82},"6":{"name":"(anonymous_6)","decl":{"start":{"line":87,"column":35},"end":{"line":87,"column":36}},"loc":{"start":{"line":88,"column":14},"end":{"line":129,"column":3}},"line":88},"7":{"name":"(anonymous_7)","decl":{"start":{"line":98,"column":41},"end":{"line":98,"column":42}},"loc":{"start":{"line":98,"column":49},"end":{"line":98,"column":67}},"line":98},"8":{"name":"(anonymous_8)","decl":{"start":{"line":118,"column":56},"end":{"line":118,"column":57}},"loc":{"start":{"line":118,"column":65},"end":{"line":128,"column":5}},"line":118},"9":{"name":"(anonymous_9)","decl":{"start":{"line":135,"column":19},"end":{"line":135,"column":20}},"loc":{"start":{"line":135,"column":39},"end":{"line":172,"column":1}},"line":135},"10":{"name":"(anonymous_10)","decl":{"start":{"line":140,"column":38},"end":{"line":140,"column":39}},"loc":{"start":{"line":140,"column":48},"end":{"line":142,"column":3}},"line":140},"11":{"name":"(anonymous_11)","decl":{"start":{"line":158,"column":53},"end":{"line":158,"column":54}},"loc":{"start":{"line":158,"column":62},"end":{"line":170,"column":3}},"line":158},"12":{"name":"(anonymous_12)","decl":{"start":{"line":177,"column":20},"end":{"line":177,"column":21}},"loc":{"start":{"line":177,"column":40},"end":{"line":228,"column":1}},"line":177},"13":{"name":"(anonymous_13)","decl":{"start":{"line":182,"column":38},"end":{"line":182,"column":39}},"loc":{"start":{"line":182,"column":48},"end":{"line":184,"column":3}},"line":182},"14":{"name":"(anonymous_14)","decl":{"start":{"line":217,"column":53},"end":{"line":217,"column":54}},"loc":{"start":{"line":217,"column":62},"end":{"line":227,"column":3}},"line":217},"15":{"name":"(anonymous_15)","decl":{"start":{"line":233,"column":19},"end":{"line":233,"column":20}},"loc":{"start":{"line":233,"column":39},"end":{"line":284,"column":1}},"line":233},"16":{"name":"(anonymous_16)","decl":{"start":{"line":238,"column":38},"end":{"line":238,"column":39}},"loc":{"start":{"line":238,"column":48},"end":{"line":240,"column":3}},"line":238},"17":{"name":"(anonymous_17)","decl":{"start":{"line":273,"column":53},"end":{"line":273,"column":54}},"loc":{"start":{"line":273,"column":62},"end":{"line":283,"column":3}},"line":273}},"branchMap":{"0":{"loc":{"start":{"line":28,"column":4},"end":{"line":32,"column":5}},"type":"if","locations":[{"start":{"line":28,"column":4},"end":{"line":32,"column":5}},{"start":{},"end":{}}],"line":28},"1":{"loc":{"start":{"line":46,"column":6},"end":{"line":50,"column":7}},"type":"if","locations":[{"start":{"line":46,"column":6},"end":{"line":50,"column":7}},{"start":{},"end":{}}],"line":46},"2":{"loc":{"start":{"line":65,"column":8},"end":{"line":71,"column":9}},"type":"if","locations":[{"start":{"line":65,"column":8},"end":{"line":71,"column":9}},{"start":{},"end":{}}],"line":65},"3":{"loc":{"start":{"line":89,"column":4},"end":{"line":93,"column":5}},"type":"if","locations":[{"start":{"line":89,"column":4},"end":{"line":93,"column":5}},{"start":{},"end":{}}],"line":89},"4":{"loc":{"start":{"line":101,"column":4},"end":{"line":107,"column":5}},"type":"if","locations":[{"start":{"line":101,"column":4},"end":{"line":107,"column":5}},{"start":{},"end":{}}],"line":101},"5":{"loc":{"start":{"line":119,"column":6},"end":{"line":125,"column":7}},"type":"if","locations":[{"start":{"line":119,"column":6},"end":{"line":125,"column":7}},{"start":{},"end":{}}],"line":119},"6":{"loc":{"start":{"line":145,"column":2},"end":{"line":152,"column":3}},"type":"if","locations":[{"start":{"line":145,"column":2},"end":{"line":152,"column":3}},{"start":{},"end":{}}],"line":145},"7":{"loc":{"start":{"line":159,"column":4},"end":{"line":165,"column":5}},"type":"if","locations":[{"start":{"line":159,"column":4},"end":{"line":165,"column":5}},{"start":{},"end":{}}],"line":159},"8":{"loc":{"start":{"line":187,"column":2},"end":{"line":194,"column":3}},"type":"if","locations":[{"start":{"line":187,"column":2},"end":{"line":194,"column":3}},{"start":{},"end":{}}],"line":187},"9":{"loc":{"start":{"line":204,"column":2},"end":{"line":211,"column":3}},"type":"if","locations":[{"start":{"line":204,"column":2},"end":{"line":211,"column":3}},{"start":{},"end":{}}],"line":204},"10":{"loc":{"start":{"line":218,"column":4},"end":{"line":224,"column":5}},"type":"if","locations":[{"start":{"line":218,"column":4},"end":{"line":224,"column":5}},{"start":{},"end":{}}],"line":218},"11":{"loc":{"start":{"line":243,"column":2},"end":{"line":250,"column":3}},"type":"if","locations":[{"start":{"line":243,"column":2},"end":{"line":250,"column":3}},{"start":{},"end":{}}],"line":243},"12":{"loc":{"start":{"line":260,"column":2},"end":{"line":267,"column":3}},"type":"if","locations":[{"start":{"line":260,"column":2},"end":{"line":267,"column":3}},{"start":{},"end":{}}],"line":260},"13":{"loc":{"start":{"line":274,"column":4},"end":{"line":280,"column":5}},"type":"if","locations":[{"start":{"line":274,"column":4},"end":{"line":280,"column":5}},{"start":{},"end":{}}],"line":274}},"s":{"0":1,"1":1,"2":1,"3":1,"4":1,"5":1,"6":1,"7":0,"8":0,"9":0,"10":1,"11":1,"12":0,"13":0,"14":0,"15":0,"16":0,"17":0,"18":0,"19":0,"20":0,"21":0,"22":0,"23":0,"24":0,"25":0,"26":0,"27":0,"28":0,"29":1,"30":0,"31":0,"32":0,"33":0,"34":0,"35":0,"36":0,"37":0,"38":0,"39":0,"40":0,"41":0,"42":0,"43":0,"44":0,"45":0,"46":0,"47":0,"48":0,"49":0,"50":0,"51":0,"52":0,"53":1,"54":0,"55":0,"56":0,"57":0,"58":0,"59":0,"60":0,"61":0,"62":0,"63":0,"64":0,"65":0,"66":0,"67":0,"68":1,"69":0,"70":0,"71":0,"72":0,"73":0,"74":0,"75":0,"76":0,"77":0,"78":0,"79":0,"80":0,"81":0,"82":0,"83":0,"84":0,"85":0,"86":0,"87":0,"88":0,"89":1,"90":0,"91":0,"92":0,"93":0,"94":0,"95":0,"96":0,"97":0,"98":0,"99":0,"100":0,"101":0,"102":0,"103":0,"104":0,"105":0,"106":0,"107":0,"108":0,"109":0,"110":1},"f":{"0":1,"1":1,"2":0,"3":0,"4":0,"5":0,"6":0,"7":0,"8":0,"9":0,"10":0,"11":0,"12":0,"13":0,"14":0,"15":0,"16":0,"17":0},"b":{"0":[0,1],"1":[0,0],"2":[0,0],"3":[0,0],"4":[0,0],"5":[0,0],"6":[0,0],"7":[0,0],"8":[0,0],"9":[0,0],"10":[0,0],"11":[0,0],"12":[0,0],"13":[0,0]},"_coverageSchema":"1a1c01bbd47fc00a2c39e90264f33305004495a9","hash":"2b64264a37847121e52a611f15be831fd96f7978"}
,"/data/data/com.termux/files/home/altschool-nodejs-project-two/src/routes/index.js": {"path":"/data/data/com.termux/files/home/altschool-nodejs-project-two/src/routes/index.js","statementMap":{"0":{"start":{"line":16,"column":4},"end":{"line":16,"column":25}},"1":{"start":{"line":22,"column":4},"end":{"line":22,"column":25}},"2":{"start":{"line":27,"column":4},"end":{"line":27,"column":39}},"3":{"start":{"line":37,"column":6},"end":{"line":37,"column":9}},"4":{"start":{"line":40,"column":2},"end":{"line":102,"column":3}},"5":{"start":{"line":41,"column":4},"end":{"line":50,"column":7}},"6":{"start":{"line":43,"column":6},"end":{"line":43,"column":28}},"7":{"start":{"line":46,"column":6},"end":{"line":46,"column":27}},"8":{"start":{"line":47,"column":6},"end":{"line":49,"column":10}},"9":{"start":{"line":51,"column":9},"end":{"line":102,"column":3}},"10":{"start":{"line":52,"column":4},"end":{"line":61,"column":7}},"11":{"start":{"line":54,"column":6},"end":{"line":54,"column":27}},"12":{"start":{"line":57,"column":6},"end":{"line":57,"column":27}},"13":{"start":{"line":58,"column":6},"end":{"line":60,"column":10}},"14":{"start":{"line":62,"column":9},"end":{"line":102,"column":3}},"15":{"start":{"line":63,"column":4},"end":{"line":63,"column":26}},"16":{"start":{"line":64,"column":9},"end":{"line":102,"column":3}},"17":{"start":{"line":65,"column":4},"end":{"line":74,"column":7}},"18":{"start":{"line":67,"column":6},"end":{"line":67,"column":30}},"19":{"start":{"line":70,"column":6},"end":{"line":70,"column":27}},"20":{"start":{"line":71,"column":6},"end":{"line":73,"column":10}},"21":{"start":{"line":75,"column":9},"end":{"line":102,"column":3}},"22":{"start":{"line":76,"column":4},"end":{"line":85,"column":7}},"23":{"start":{"line":78,"column":6},"end":{"line":78,"column":33}},"24":{"start":{"line":81,"column":6},"end":{"line":81,"column":27}},"25":{"start":{"line":82,"column":6},"end":{"line":84,"column":10}},"26":{"start":{"line":86,"column":9},"end":{"line":102,"column":3}},"27":{"start":{"line":87,"column":4},"end":{"line":96,"column":7}},"28":{"start":{"line":89,"column":6},"end":{"line":89,"column":27}},"29":{"start":{"line":92,"column":6},"end":{"line":92,"column":27}},"30":{"start":{"line":93,"column":6},"end":{"line":95,"column":10}},"31":{"start":{"line":98,"column":4},"end":{"line":98,"column":23}},"32":{"start":{"line":99,"column":4},"end":{"line":101,"column":8}},"33":{"start":{"line":112,"column":6},"end":{"line":112,"column":9}},"34":{"start":{"line":115,"column":2},"end":{"line":142,"column":3}},"35":{"start":{"line":116,"column":4},"end":{"line":125,"column":7}},"36":{"start":{"line":118,"column":6},"end":{"line":118,"column":33}},"37":{"start":{"line":121,"column":6},"end":{"line":121,"column":27}},"38":{"start":{"line":122,"column":6},"end":{"line":124,"column":10}},"39":{"start":{"line":126,"column":9},"end":{"line":142,"column":3}},"40":{"start":{"line":127,"column":4},"end":{"line":136,"column":7}},"41":{"start":{"line":129,"column":6},"end":{"line":129,"column":28}},"42":{"start":{"line":132,"column":6},"end":{"line":132,"column":27}},"43":{"start":{"line":133,"column":6},"end":{"line":135,"column":10}},"44":{"start":{"line":138,"column":4},"end":{"line":138,"column":23}},"45":{"start":{"line":139,"column":4},"end":{"line":141,"column":8}},"46":{"start":{"line":145,"column":0},"end":{"line":148,"column":1}}},"fnMap":{"0":{"name":"bookRouteMethods","decl":{"start":{"line":33,"column":9},"end":{"line":33,"column":25}},"loc":{"start":{"line":33,"column":36},"end":{"line":103,"column":1}},"line":33},"1":{"name":"(anonymous_1)","decl":{"start":{"line":42,"column":10},"end":{"line":42,"column":11}},"loc":{"start":{"line":42,"column":16},"end":{"line":44,"column":5}},"line":42},"2":{"name":"(anonymous_2)","decl":{"start":{"line":45,"column":11},"end":{"line":45,"column":12}},"loc":{"start":{"line":45,"column":20},"end":{"line":50,"column":5}},"line":45},"3":{"name":"(anonymous_3)","decl":{"start":{"line":53,"column":10},"end":{"line":53,"column":11}},"loc":{"start":{"line":53,"column":16},"end":{"line":55,"column":5}},"line":53},"4":{"name":"(anonymous_4)","decl":{"start":{"line":56,"column":11},"end":{"line":56,"column":12}},"loc":{"start":{"line":56,"column":20},"end":{"line":61,"column":5}},"line":56},"5":{"name":"(anonymous_5)","decl":{"start":{"line":66,"column":10},"end":{"line":66,"column":11}},"loc":{"start":{"line":66,"column":20},"end":{"line":68,"column":5}},"line":66},"6":{"name":"(anonymous_6)","decl":{"start":{"line":69,"column":11},"end":{"line":69,"column":12}},"loc":{"start":{"line":69,"column":20},"end":{"line":74,"column":5}},"line":69},"7":{"name":"(anonymous_7)","decl":{"start":{"line":77,"column":10},"end":{"line":77,"column":11}},"loc":{"start":{"line":77,"column":20},"end":{"line":79,"column":5}},"line":77},"8":{"name":"(anonymous_8)","decl":{"start":{"line":80,"column":11},"end":{"line":80,"column":12}},"loc":{"start":{"line":80,"column":20},"end":{"line":85,"column":5}},"line":80},"9":{"name":"(anonymous_9)","decl":{"start":{"line":88,"column":10},"end":{"line":88,"column":11}},"loc":{"start":{"line":88,"column":16},"end":{"line":90,"column":5}},"line":88},"10":{"name":"(anonymous_10)","decl":{"start":{"line":91,"column":11},"end":{"line":91,"column":12}},"loc":{"start":{"line":91,"column":20},"end":{"line":96,"column":5}},"line":91},"11":{"name":"userRouteMethods","decl":{"start":{"line":108,"column":9},"end":{"line":108,"column":25}},"loc":{"start":{"line":108,"column":36},"end":{"line":143,"column":1}},"line":108},"12":{"name":"(anonymous_12)","decl":{"start":{"line":117,"column":10},"end":{"line":117,"column":11}},"loc":{"start":{"line":117,"column":20},"end":{"line":119,"column":5}},"line":117},"13":{"name":"(anonymous_13)","decl":{"start":{"line":120,"column":11},"end":{"line":120,"column":12}},"loc":{"start":{"line":120,"column":20},"end":{"line":125,"column":5}},"line":120},"14":{"name":"(anonymous_14)","decl":{"start":{"line":128,"column":10},"end":{"line":128,"column":11}},"loc":{"start":{"line":128,"column":16},"end":{"line":130,"column":5}},"line":128},"15":{"name":"(anonymous_15)","decl":{"start":{"line":131,"column":11},"end":{"line":131,"column":12}},"loc":{"start":{"line":131,"column":20},"end":{"line":136,"column":5}},"line":131}},"branchMap":{"0":{"loc":{"start":{"line":40,"column":2},"end":{"line":102,"column":3}},"type":"if","locations":[{"start":{"line":40,"column":2},"end":{"line":102,"column":3}},{"start":{"line":51,"column":9},"end":{"line":102,"column":3}}],"line":40},"1":{"loc":{"start":{"line":40,"column":6},"end":{"line":40,"column":62}},"type":"binary-expr","locations":[{"start":{"line":40,"column":6},"end":{"line":40,"column":42}},{"start":{"line":40,"column":46},"end":{"line":40,"column":62}}],"line":40},"2":{"loc":{"start":{"line":51,"column":9},"end":{"line":102,"column":3}},"type":"if","locations":[{"start":{"line":51,"column":9},"end":{"line":102,"column":3}},{"start":{"line":62,"column":9},"end":{"line":102,"column":3}}],"line":51},"3":{"loc":{"start":{"line":51,"column":13},"end":{"line":51,"column":68}},"type":"binary-expr","locations":[{"start":{"line":51,"column":13},"end":{"line":51,"column":48}},{"start":{"line":51,"column":52},"end":{"line":51,"column":68}}],"line":51},"4":{"loc":{"start":{"line":62,"column":9},"end":{"line":102,"column":3}},"type":"if","locations":[{"start":{"line":62,"column":9},"end":{"line":102,"column":3}},{"start":{"line":64,"column":9},"end":{"line":102,"column":3}}],"line":62},"5":{"loc":{"start":{"line":62,"column":13},"end":{"line":62,"column":49}},"type":"binary-expr","locations":[{"start":{"line":62,"column":13},"end":{"line":62,"column":29}},{"start":{"line":62,"column":33},"end":{"line":62,"column":49}}],"line":62},"6":{"loc":{"start":{"line":64,"column":9},"end":{"line":102,"column":3}},"type":"if","locations":[{"start":{"line":64,"column":9},"end":{"line":102,"column":3}},{"start":{"line":75,"column":9},"end":{"line":102,"column":3}}],"line":64},"7":{"loc":{"start":{"line":64,"column":13},"end":{"line":64,"column":50}},"type":"binary-expr","locations":[{"start":{"line":64,"column":13},"end":{"line":64,"column":29}},{"start":{"line":64,"column":33},"end":{"line":64,"column":50}}],"line":64},"8":{"loc":{"start":{"line":75,"column":9},"end":{"line":102,"column":3}},"type":"if","locations":[{"start":{"line":75,"column":9},"end":{"line":102,"column":3}},{"start":{"line":86,"column":9},"end":{"line":102,"column":3}}],"line":75},"9":{"loc":{"start":{"line":75,"column":13},"end":{"line":75,"column":49}},"type":"binary-expr","locations":[{"start":{"line":75,"column":13},"end":{"line":75,"column":29}},{"start":{"line":75,"column":33},"end":{"line":75,"column":49}}],"line":75},"10":{"loc":{"start":{"line":86,"column":9},"end":{"line":102,"column":3}},"type":"if","locations":[{"start":{"line":86,"column":9},"end":{"line":102,"column":3}},{"start":{"line":97,"column":9},"end":{"line":102,"column":3}}],"line":86},"11":{"loc":{"start":{"line":86,"column":13},"end":{"line":86,"column":60}},"type":"binary-expr","locations":[{"start":{"line":86,"column":13},"end":{"line":86,"column":37}},{"start":{"line":86,"column":41},"end":{"line":86,"column":60}}],"line":86},"12":{"loc":{"start":{"line":115,"column":2},"end":{"line":142,"column":3}},"type":"if","locations":[{"start":{"line":115,"column":2},"end":{"line":142,"column":3}},{"start":{"line":126,"column":9},"end":{"line":142,"column":3}}],"line":115},"13":{"loc":{"start":{"line":115,"column":6},"end":{"line":115,"column":43}},"type":"binary-expr","locations":[{"start":{"line":115,"column":6},"end":{"line":115,"column":22}},{"start":{"line":115,"column":26},"end":{"line":115,"column":43}}],"line":115},"14":{"loc":{"start":{"line":126,"column":9},"end":{"line":142,"column":3}},"type":"if","locations":[{"start":{"line":126,"column":9},"end":{"line":142,"column":3}},{"start":{"line":137,"column":9},"end":{"line":142,"column":3}}],"line":126},"15":{"loc":{"start":{"line":126,"column":13},"end":{"line":126,"column":49}},"type":"binary-expr","locations":[{"start":{"line":126,"column":13},"end":{"line":126,"column":29}},{"start":{"line":126,"column":33},"end":{"line":126,"column":49}}],"line":126}},"s":{"0":1,"1":1,"2":1,"3":1,"4":1,"5":0,"6":0,"7":0,"8":0,"9":1,"10":0,"11":0,"12":0,"13":0,"14":1,"15":1,"16":0,"17":0,"18":0,"19":0,"20":0,"21":0,"22":0,"23":0,"24":0,"25":0,"26":0,"27":0,"28":0,"29":0,"30":0,"31":0,"32":0,"33":0,"34":0,"35":0,"36":0,"37":0,"38":0,"39":0,"40":0,"41":0,"42":0,"43":0,"44":0,"45":0,"46":1},"f":{"0":1,"1":0,"2":0,"3":0,"4":0,"5":0,"6":0,"7":0,"8":0,"9":0,"10":0,"11":0,"12":0,"13":0,"14":0,"15":0},"b":{"0":[0,1],"1":[1,0],"2":[0,1],"3":[1,0],"4":[1,0],"5":[1,1],"6":[0,0],"7":[0,0],"8":[0,0],"9":[0,0],"10":[0,0],"11":[0,0],"12":[0,0],"13":[0,0],"14":[0,0],"15":[0,0]},"_coverageSchema":"1a1c01bbd47fc00a2c39e90264f33305004495a9","hash":"9fa9ec7a028fe758ca06c68c6aaa39256581f658"}
,"/data/data/com.termux/files/home/altschool-nodejs-project-two/src/routes/users.js": {"path":"/data/data/com.termux/files/home/altschool-nodejs-project-two/src/routes/users.js","statementMap":{"0":{"start":{"line":1,"column":11},"end":{"line":1,"column":24}},"1":{"start":{"line":6,"column":4},"end":{"line":6,"column":32}},"2":{"start":{"line":9,"column":14},"end":{"line":9,"column":16}},"3":{"start":{"line":12,"column":0},"end":{"line":12,"column":59}},"4":{"start":{"line":17,"column":20},"end":{"line":27,"column":1}},"5":{"start":{"line":18,"column":2},"end":{"line":26,"column":4}},"6":{"start":{"line":19,"column":4},"end":{"line":23,"column":5}},"7":{"start":{"line":20,"column":6},"end":{"line":20,"column":22}},"8":{"start":{"line":21,"column":6},"end":{"line":21,"column":24}},"9":{"start":{"line":22,"column":6},"end":{"line":22,"column":33}},"10":{"start":{"line":25,"column":4},"end":{"line":25,"column":19}},"11":{"start":{"line":32,"column":19},"end":{"line":67,"column":1}},"12":{"start":{"line":34,"column":2},"end":{"line":66,"column":6}},"13":{"start":{"line":37,"column":6},"end":{"line":41,"column":7}},"14":{"start":{"line":38,"column":8},"end":{"line":38,"column":24}},"15":{"start":{"line":39,"column":8},"end":{"line":39,"column":26}},"16":{"start":{"line":40,"column":8},"end":{"line":40,"column":35}},"17":{"start":{"line":44,"column":23},"end":{"line":44,"column":50}},"18":{"start":{"line":45,"column":25},"end":{"line":45,"column":36}},"19":{"start":{"line":46,"column":6},"end":{"line":46,"column":34}},"20":{"start":{"line":49,"column":6},"end":{"line":49,"column":30}},"21":{"start":{"line":51,"column":23},"end":{"line":51,"column":40}},"22":{"start":{"line":52,"column":23},"end":{"line":53,"column":16}},"23":{"start":{"line":55,"column":6},"end":{"line":65,"column":9}},"24":{"start":{"line":56,"column":8},"end":{"line":62,"column":9}},"25":{"start":{"line":57,"column":10},"end":{"line":57,"column":27}},"26":{"start":{"line":58,"column":10},"end":{"line":58,"column":29}},"27":{"start":{"line":59,"column":10},"end":{"line":61,"column":14}},"28":{"start":{"line":64,"column":8},"end":{"line":64,"column":41}},"29":{"start":{"line":69,"column":0},"end":{"line":72,"column":1}}},"fnMap":{"0":{"name":"(anonymous_0)","decl":{"start":{"line":17,"column":20},"end":{"line":17,"column":21}},"loc":{"start":{"line":17,"column":40},"end":{"line":27,"column":1}},"line":17},"1":{"name":"(anonymous_1)","decl":{"start":{"line":18,"column":35},"end":{"line":18,"column":36}},"loc":{"start":{"line":18,"column":50},"end":{"line":26,"column":3}},"line":18},"2":{"name":"(anonymous_2)","decl":{"start":{"line":32,"column":19},"end":{"line":32,"column":20}},"loc":{"start":{"line":32,"column":48},"end":{"line":67,"column":1}},"line":32},"3":{"name":"(anonymous_3)","decl":{"start":{"line":36,"column":4},"end":{"line":36,"column":5}},"loc":{"start":{"line":36,"column":20},"end":{"line":66,"column":5}},"line":36},"4":{"name":"(anonymous_4)","decl":{"start":{"line":55,"column":58},"end":{"line":55,"column":59}},"loc":{"start":{"line":55,"column":67},"end":{"line":65,"column":7}},"line":55}},"branchMap":{"0":{"loc":{"start":{"line":19,"column":4},"end":{"line":23,"column":5}},"type":"if","locations":[{"start":{"line":19,"column":4},"end":{"line":23,"column":5}},{"start":{},"end":{}}],"line":19},"1":{"loc":{"start":{"line":37,"column":6},"end":{"line":41,"column":7}},"type":"if","locations":[{"start":{"line":37,"column":6},"end":{"line":41,"column":7}},{"start":{},"end":{}}],"line":37},"2":{"loc":{"start":{"line":56,"column":8},"end":{"line":62,"column":9}},"type":"if","locations":[{"start":{"line":56,"column":8},"end":{"line":62,"column":9}},{"start":{},"end":{}}],"line":56}},"s":{"0":1,"1":1,"2":1,"3":1,"4":1,"5":0,"6":0,"7":0,"8":0,"9":0,"10":0,"11":1,"12":0,"13":0,"14":0,"15":0,"16":0,"17":0,"18":0,"19":0,"20":0,"21":0,"22":0,"23":0,"24":0,"25":0,"26":0,"27":0,"28":0,"29":1},"f":{"0":0,"1":0,"2":0,"3":0,"4":0},"b":{"0":[0,0],"1":[0,0],"2":[0,0]},"_coverageSchema":"1a1c01bbd47fc00a2c39e90264f33305004495a9","hash":"ea1871bd8d498adf00dcab3c4305fc1bd4cd0733"}
,"/data/data/com.termux/files/home/altschool-nodejs-project-two/src/utils/authenticate.js": {"path":"/data/data/com.termux/files/home/altschool-nodejs-project-two/src/utils/authenticate.js","statementMap":{"0":{"start":{"line":9,"column":11},"end":{"line":9,"column":24}},"1":{"start":{"line":10,"column":13},"end":{"line":10,"column":28}},"2":{"start":{"line":14,"column":4},"end":{"line":14,"column":32}},"3":{"start":{"line":18,"column":2},"end":{"line":25,"column":4}},"4":{"start":{"line":19,"column":4},"end":{"line":24,"column":6}},"5":{"start":{"line":20,"column":6},"end":{"line":22,"column":7}},"6":{"start":{"line":21,"column":8},"end":{"line":21,"column":20}},"7":{"start":{"line":23,"column":6},"end":{"line":23,"column":33}},"8":{"start":{"line":32,"column":2},"end":{"line":65,"column":4}},"9":{"start":{"line":34,"column":17},"end":{"line":34,"column":19}},"10":{"start":{"line":36,"column":4},"end":{"line":39,"column":9}},"11":{"start":{"line":38,"column":8},"end":{"line":38,"column":25}},"12":{"start":{"line":41,"column":4},"end":{"line":64,"column":9}},"13":{"start":{"line":43,"column":27},"end":{"line":43,"column":57}},"14":{"start":{"line":44,"column":8},"end":{"line":46,"column":9}},"15":{"start":{"line":45,"column":10},"end":{"line":45,"column":60}},"16":{"start":{"line":51,"column":12},"end":{"line":51,"column":34}},"17":{"start":{"line":52,"column":22},"end":{"line":52,"column":41}},"18":{"start":{"line":53,"column":26},"end":{"line":53,"column":122}},"19":{"start":{"line":53,"column":45},"end":{"line":53,"column":121}},"20":{"start":{"line":55,"column":8},"end":{"line":57,"column":9}},"21":{"start":{"line":56,"column":10},"end":{"line":56,"column":51}},"22":{"start":{"line":59,"column":8},"end":{"line":61,"column":9}},"23":{"start":{"line":60,"column":10},"end":{"line":60,"column":78}},"24":{"start":{"line":63,"column":8},"end":{"line":63,"column":22}},"25":{"start":{"line":69,"column":0},"end":{"line":72,"column":1}}},"fnMap":{"0":{"name":"getAllUsers","decl":{"start":{"line":17,"column":9},"end":{"line":17,"column":20}},"loc":{"start":{"line":17,"column":23},"end":{"line":26,"column":1}},"line":17},"1":{"name":"(anonymous_1)","decl":{"start":{"line":18,"column":21},"end":{"line":18,"column":22}},"loc":{"start":{"line":18,"column":42},"end":{"line":25,"column":3}},"line":18},"2":{"name":"(anonymous_2)","decl":{"start":{"line":19,"column":37},"end":{"line":19,"column":38}},"loc":{"start":{"line":19,"column":53},"end":{"line":24,"column":5}},"line":19},"3":{"name":"authenticateUser","decl":{"start":{"line":31,"column":9},"end":{"line":31,"column":25}},"loc":{"start":{"line":31,"column":43},"end":{"line":66,"column":1}},"line":31},"4":{"name":"(anonymous_4)","decl":{"start":{"line":32,"column":21},"end":{"line":32,"column":22}},"loc":{"start":{"line":33,"column":15},"end":{"line":65,"column":3}},"line":33},"5":{"name":"(anonymous_5)","decl":{"start":{"line":37,"column":6},"end":{"line":37,"column":7}},"loc":{"start":{"line":37,"column":17},"end":{"line":39,"column":7}},"line":37},"6":{"name":"(anonymous_6)","decl":{"start":{"line":42,"column":6},"end":{"line":42,"column":7}},"loc":{"start":{"line":42,"column":18},"end":{"line":64,"column":7}},"line":42},"7":{"name":"(anonymous_7)","decl":{"start":{"line":53,"column":37},"end":{"line":53,"column":38}},"loc":{"start":{"line":53,"column":45},"end":{"line":53,"column":121}},"line":53}},"branchMap":{"0":{"loc":{"start":{"line":20,"column":6},"end":{"line":22,"column":7}},"type":"if","locations":[{"start":{"line":20,"column":6},"end":{"line":22,"column":7}},{"start":{},"end":{}}],"line":20},"1":{"loc":{"start":{"line":44,"column":8},"end":{"line":46,"column":9}},"type":"if","locations":[{"start":{"line":44,"column":8},"end":{"line":46,"column":9}},{"start":{},"end":{}}],"line":44},"2":{"loc":{"start":{"line":53,"column":45},"end":{"line":53,"column":121}},"type":"binary-expr","locations":[{"start":{"line":53,"column":45},"end":{"line":53,"column":78}},{"start":{"line":53,"column":82},"end":{"line":53,"column":121}}],"line":53},"3":{"loc":{"start":{"line":55,"column":8},"end":{"line":57,"column":9}},"type":"if","locations":[{"start":{"line":55,"column":8},"end":{"line":57,"column":9}},{"start":{},"end":{}}],"line":55},"4":{"loc":{"start":{"line":59,"column":8},"end":{"line":61,"column":9}},"type":"if","locations":[{"start":{"line":59,"column":8},"end":{"line":61,"column":9}},{"start":{},"end":{}}],"line":59}},"s":{"0":1,"1":1,"2":1,"3":0,"4":0,"5":0,"6":0,"7":0,"8":0,"9":0,"10":0,"11":0,"12":0,"13":0,"14":0,"15":0,"16":0,"17":0,"18":0,"19":0,"20":0,"21":0,"22":0,"23":0,"24":0,"25":1},"f":{"0":0,"1":0,"2":0,"3":0,"4":0,"5":0,"6":0,"7":0},"b":{"0":[0,0],"1":[0,0],"2":[0,0],"3":[0,0],"4":[0,0]},"_coverageSchema":"1a1c01bbd47fc00a2c39e90264f33305004495a9","hash":"bbf6526664a1fb696e31d41c20fe3dd95da5f236"}
}
