TN:
SF:index.js
FN:23,(anonymous_0)
FN:45,(anonymous_1)
FNF:2
FNH:2
FNDA:1,(anonymous_0)
FNDA:1,(anonymous_1)
DA:8,1
DA:14,1
DA:16,1
DA:17,1
DA:23,1
DA:25,1
DA:26,1
DA:28,1
DA:29,0
DA:30,1
DA:31,1
DA:33,0
DA:34,0
DA:43,1
DA:45,1
DA:46,1
DA:49,1
LF:17
LH:14
BRDA:28,0,0,0
BRDA:28,0,1,1
BRDA:30,1,0,1
BRDA:30,1,1,0
BRF:4
BRH:2
end_of_record
TN:
SF:db/index.js
FNF:0
FNH:0
DA:5,1
DA:8,1
DA:11,1
DA:13,1
LF:4
LH:4
BRF:0
BRH:0
end_of_record
TN:
SF:src/routes/books.js
FN:26,(anonymous_0)
FN:27,(anonymous_1)
FN:41,(anonymous_2)
FN:45,(anonymous_3)
FN:64,(anonymous_4)
FN:81,(anonymous_5)
FN:87,(anonymous_6)
FN:98,(anonymous_7)
FN:118,(anonymous_8)
FN:135,(anonymous_9)
FN:140,(anonymous_10)
FN:158,(anonymous_11)
FN:177,(anonymous_12)
FN:182,(anonymous_13)
FN:217,(anonymous_14)
FN:233,(anonymous_15)
FN:238,(anonymous_16)
FN:273,(anonymous_17)
FNF:18
FNH:2
FNDA:1,(anonymous_0)
FNDA:1,(anonymous_1)
FNDA:0,(anonymous_2)
FNDA:0,(anonymous_3)
FNDA:0,(anonymous_4)
FNDA:0,(anonymous_5)
FNDA:0,(anonymous_6)
FNDA:0,(anonymous_7)
FNDA:0,(anonymous_8)
FNDA:0,(anonymous_9)
FNDA:0,(anonymous_10)
FNDA:0,(anonymous_11)
FNDA:0,(anonymous_12)
FNDA:0,(anonymous_13)
FNDA:0,(anonymous_14)
FNDA:0,(anonymous_15)
FNDA:0,(anonymous_16)
FNDA:0,(anonymous_17)
DA:8,1
DA:13,1
DA:16,1
DA:20,1
DA:26,1
DA:27,1
DA:28,1
DA:29,0
DA:30,0
DA:31,0
DA:34,1
DA:41,1
DA:43,0
DA:46,0
DA:47,0
DA:48,0
DA:49,0
DA:53,0
DA:56,0
DA:57,0
DA:58,0
DA:60,0
DA:61,0
DA:64,0
DA:65,0
DA:66,0
DA:67,0
DA:68,0
DA:73,0
DA:81,1
DA:83,0
DA:84,0
DA:87,0
DA:89,0
DA:90,0
DA:91,0
DA:92,0
DA:95,0
DA:98,0
DA:101,0
DA:102,0
DA:103,0
DA:106,0
DA:110,0
DA:114,0
DA:116,0
DA:118,0
DA:119,0
DA:120,0
DA:121,0
DA:122,0
DA:127,0
DA:135,1
DA:137,0
DA:140,0
DA:141,0
DA:145,0
DA:146,0
DA:147,0
DA:151,0
DA:155,0
DA:158,0
DA:159,0
DA:160,0
DA:161,0
DA:162,0
DA:167,0
DA:177,1
DA:179,0
DA:182,0
DA:183,0
DA:187,0
DA:188,0
DA:189,0
DA:193,0
DA:196,0
DA:201,0
DA:204,0
DA:205,0
DA:206,0
DA:210,0
DA:214,0
DA:217,0
DA:218,0
DA:219,0
DA:220,0
DA:221,0
DA:226,0
DA:233,1
DA:235,0
DA:238,0
DA:239,0
DA:243,0
DA:244,0
DA:245,0
DA:249,0
DA:252,0
DA:257,0
DA:260,0
DA:261,0
DA:262,0
DA:266,0
DA:270,0
DA:273,0
DA:274,0
DA:275,0
DA:276,0
DA:277,0
DA:282,0
DA:286,1
LF:110
LH:14
BRDA:28,0,0,0
BRDA:28,0,1,1
BRDA:46,1,0,0
BRDA:46,1,1,0
BRDA:65,2,0,0
BRDA:65,2,1,0
BRDA:89,3,0,0
BRDA:89,3,1,0
BRDA:101,4,0,0
BRDA:101,4,1,0
BRDA:119,5,0,0
BRDA:119,5,1,0
BRDA:145,6,0,0
BRDA:145,6,1,0
BRDA:159,7,0,0
BRDA:159,7,1,0
BRDA:187,8,0,0
BRDA:187,8,1,0
BRDA:204,9,0,0
BRDA:204,9,1,0
BRDA:218,10,0,0
BRDA:218,10,1,0
BRDA:243,11,0,0
BRDA:243,11,1,0
BRDA:260,12,0,0
BRDA:260,12,1,0
BRDA:274,13,0,0
BRDA:274,13,1,0
BRF:28
BRH:1
end_of_record
TN:
SF:src/routes/index.js
FN:33,bookRouteMethods
FN:42,(anonymous_1)
FN:45,(anonymous_2)
FN:53,(anonymous_3)
FN:56,(anonymous_4)
FN:66,(anonymous_5)
FN:69,(anonymous_6)
FN:77,(anonymous_7)
FN:80,(anonymous_8)
FN:88,(anonymous_9)
FN:91,(anonymous_10)
FN:108,userRouteMethods
FN:117,(anonymous_12)
FN:120,(anonymous_13)
FN:128,(anonymous_14)
FN:131,(anonymous_15)
FNF:16
FNH:1
FNDA:1,bookRouteMethods
FNDA:0,(anonymous_1)
FNDA:0,(anonymous_2)
FNDA:0,(anonymous_3)
FNDA:0,(anonymous_4)
FNDA:0,(anonymous_5)
FNDA:0,(anonymous_6)
FNDA:0,(anonymous_7)
FNDA:0,(anonymous_8)
FNDA:0,(anonymous_9)
FNDA:0,(anonymous_10)
FNDA:0,userRouteMethods
FNDA:0,(anonymous_12)
FNDA:0,(anonymous_13)
FNDA:0,(anonymous_14)
FNDA:0,(anonymous_15)
DA:16,1
DA:22,1
DA:27,1
DA:37,1
DA:40,1
DA:41,0
DA:43,0
DA:46,0
DA:47,0
DA:51,1
DA:52,0
DA:54,0
DA:57,0
DA:58,0
DA:62,1
DA:63,1
DA:64,0
DA:65,0
DA:67,0
DA:70,0
DA:71,0
DA:75,0
DA:76,0
DA:78,0
DA:81,0
DA:82,0
DA:86,0
DA:87,0
DA:89,0
DA:92,0
DA:93,0
DA:98,0
DA:99,0
DA:112,0
DA:115,0
DA:116,0
DA:118,0
DA:121,0
DA:122,0
DA:126,0
DA:127,0
DA:129,0
DA:132,0
DA:133,0
DA:138,0
DA:139,0
DA:145,1
LF:47
LH:9
BRDA:40,0,0,0
BRDA:40,0,1,1
BRDA:40,1,0,1
BRDA:40,1,1,0
BRDA:51,2,0,0
BRDA:51,2,1,1
BRDA:51,3,0,1
BRDA:51,3,1,0
BRDA:62,4,0,1
BRDA:62,4,1,0
BRDA:62,5,0,1
BRDA:62,5,1,1
BRDA:64,6,0,0
BRDA:64,6,1,0
BRDA:64,7,0,0
BRDA:64,7,1,0
BRDA:75,8,0,0
BRDA:75,8,1,0
BRDA:75,9,0,0
BRDA:75,9,1,0
BRDA:86,10,0,0
BRDA:86,10,1,0
BRDA:86,11,0,0
BRDA:86,11,1,0
BRDA:115,12,0,0
BRDA:115,12,1,0
BRDA:115,13,0,0
BRDA:115,13,1,0
BRDA:126,14,0,0
BRDA:126,14,1,0
BRDA:126,15,0,0
BRDA:126,15,1,0
BRF:32
BRH:7
end_of_record
TN:
SF:src/routes/users.js
FN:17,(anonymous_0)
FN:18,(anonymous_1)
FN:32,(anonymous_2)
FN:36,(anonymous_3)
FN:55,(anonymous_4)
FNF:5
FNH:0
FNDA:0,(anonymous_0)
FNDA:0,(anonymous_1)
FNDA:0,(anonymous_2)
FNDA:0,(anonymous_3)
FNDA:0,(anonymous_4)
DA:1,1
DA:6,1
DA:9,1
DA:12,1
DA:17,1
DA:18,0
DA:19,0
DA:20,0
DA:21,0
DA:22,0
DA:25,0
DA:32,1
DA:34,0
DA:37,0
DA:38,0
DA:39,0
DA:40,0
DA:44,0
DA:45,0
DA:46,0
DA:49,0
DA:51,0
DA:52,0
DA:55,0
DA:56,0
DA:57,0
DA:58,0
DA:59,0
DA:64,0
DA:69,1
LF:30
LH:7
BRDA:19,0,0,0
BRDA:19,0,1,0
BRDA:37,1,0,0
BRDA:37,1,1,0
BRDA:56,2,0,0
BRDA:56,2,1,0
BRF:6
BRH:0
end_of_record
TN:
SF:src/utils/authenticate.js
FN:17,getAllUsers
FN:18,(anonymous_1)
FN:19,(anonymous_2)
FN:31,authenticateUser
FN:32,(anonymous_4)
FN:37,(anonymous_5)
FN:42,(anonymous_6)
FN:53,(anonymous_7)
FNF:8
FNH:0
FNDA:0,getAllUsers
FNDA:0,(anonymous_1)
FNDA:0,(anonymous_2)
FNDA:0,authenticateUser
FNDA:0,(anonymous_4)
FNDA:0,(anonymous_5)
FNDA:0,(anonymous_6)
FNDA:0,(anonymous_7)
DA:9,1
DA:10,1
DA:14,1
DA:18,0
DA:19,0
DA:20,0
DA:21,0
DA:23,0
DA:32,0
DA:34,0
DA:36,0
DA:38,0
DA:41,0
DA:43,0
DA:44,0
DA:45,0
DA:51,0
DA:52,0
DA:53,0
DA:55,0
DA:56,0
DA:59,0
DA:60,0
DA:63,0
DA:69,1
LF:25
LH:4
BRDA:20,0,0,0
BRDA:20,0,1,0
BRDA:44,1,0,0
BRDA:44,1,1,0
BRDA:53,2,0,0
BRDA:53,2,1,0
BRDA:55,3,0,0
BRDA:55,3,1,0
BRDA:59,4,0,0
BRDA:59,4,1,0
BRF:10
BRH:0
end_of_record
